AH00558: httpd.exe: Could not reliably determine the server's fully qualified domain name, using fe80::38a8:c125:3272:1300. Set the 'ServerName' directive globally to suppress this message
[Sun May 26 03:22:05.879756 2024] [mpm_winnt:notice] [pid 6096:tid 424] AH00455: Apache/2.4.59 (Win64) configured -- resuming normal operations
[Sun May 26 03:22:05.880754 2024] [mpm_winnt:notice] [pid 6096:tid 424] AH00456: Apache Lounge VS17 Server built: Apr  4 2024 15:03:17
[Sun May 26 03:22:05.880754 2024] [core:notice] [pid 6096:tid 424] AH00094: Command line: 'C:\\status_panel\\Apache24\\bin\\httpd.exe -d C:/status_panel/Apache24'
[Sun May 26 03:22:05.883743 2024] [mpm_winnt:notice] [pid 6096:tid 424] AH00418: Parent: Created child process 10592
AH00558: httpd.exe: Could not reliably determine the server's fully qualified domain name, using fe80::38a8:c125:3272:1300. Set the 'ServerName' directive globally to suppress this message
Apache server shutdown initiated...
ly determine the server's fully qualified domain name, using fe80::38a8:c125:3272:1300. Set the 'ServerName' directive globally to suppress this message
[Sun May 26 03:22:07.806731 2024] [mpm_winnt:notice] [pid 10592:tid 448] AH00354: Child: Starting 64 worker threads.
[Sun May 26 03:28:26.445819 2024] [mpm_winnt:notice] [pid 6096:tid 424] AH00422: Parent: Received shutdown signal -- Shutting down the server.
[Sun May 26 03:28:28.465520 2024] [mpm_winnt:notice] [pid 10592:tid 448] AH00364: Child: All worker threads have exited.
[Sun May 26 03:28:28.483277 2024] [mpm_winnt:notice] [pid 6096:tid 424] AH00430: Parent: Child process 10592 exited successfully.
AH00558: httpd.exe: Could not reliably determine the server's fully qualified domain name, using fe80::38a8:c125:3272:1300. Set the 'ServerName' directive globally to suppress this message
[Sun May 26 03:31:12.374659 2024] [mpm_winnt:notice] [pid 13284:tid 472] AH00455: Apache/2.4.59 (Win64) configured -- resuming normal operations
[Sun May 26 03:31:12.374659 2024] [mpm_winnt:notice] [pid 13284:tid 472] AH00456: Apache Lounge VS17 Server built: Apr  4 2024 15:03:17
[Sun May 26 03:31:12.374659 2024] [core:notice] [pid 13284:tid 472] AH00094: Command line: 'C:\\status_panel\\Apache24\\bin\\httpd.exe -d C:/status_panel/Apache24'
[Sun May 26 03:31:12.376659 2024] [mpm_winnt:notice] [pid 13284:tid 472] AH00418: Parent: Created child process 9400
AH00558: httpd.exe: Could not reliably determine the server's fully qualified domain name, using fe80::38a8:c125:3272:1300. Set the 'ServerName' directive globally to suppress this message
Apache server shutdown initiated...
ly determine the server's fully qualified domain name, using fe80::38a8:c125:3272:1300. Set the 'ServerName' directive globally to suppress this message
[Sun May 26 03:31:14.346433 2024] [mpm_winnt:notice] [pid 9400:tid 448] AH00354: Child: Starting 64 worker threads.
[Sun May 26 04:05:44.567134 2024] [mpm_winnt:notice] [pid 13284:tid 472] AH00422: Parent: Received shutdown signal -- Shutting down the server.
[Sun May 26 04:05:46.587850 2024] [mpm_winnt:notice] [pid 9400:tid 448] AH00364: Child: All worker threads have exited.
[Sun May 26 04:05:46.605738 2024] [mpm_winnt:notice] [pid 13284:tid 472] AH00430: Parent: Child process 9400 exited successfully.
AH00558: httpd.exe: Could not reliably determine the server's fully qualified domain name, using fe80::38a8:c125:3272:1300. Set the 'ServerName' directive globally to suppress this message
[Sun May 26 04:07:01.799170 2024] [mpm_winnt:notice] [pid 15220:tid 436] AH00455: Apache/2.4.59 (Win64) configured -- resuming normal operations
[Sun May 26 04:07:01.799170 2024] [mpm_winnt:notice] [pid 15220:tid 436] AH00456: Apache Lounge VS17 Server built: Apr  4 2024 15:03:17
[Sun May 26 04:07:01.799170 2024] [core:notice] [pid 15220:tid 436] AH00094: Command line: 'C:\\status_panel\\Apache24\\bin\\httpd.exe -d C:/status_panel/Apache24'
[Sun May 26 04:07:01.802161 2024] [mpm_winnt:notice] [pid 15220:tid 436] AH00418: Parent: Created child process 7584
AH00558: httpd.exe: Could not reliably determine the server's fully qualified domain name, using fe80::38a8:c125:3272:1300. Set the 'ServerName' directive globally to suppress this message
Apache server shutdown initiated...
AH00558: httpd.exe: Could not reliably determine the server's fully qualified domain name, using fe80::38a8:c125:3272:1300. Set the 'ServerName' directive globally to suppress this message
[Sun May 26 04:07:03.671686 2024] [mpm_winnt:notice] [pid 15220:tid 436] AH00422: Parent: Received shutdown signal -- Shutting down the server.
[Sun May 26 04:07:03.671686 2024] [mpm_winnt:notice] [pid 7584:tid 440] AH00354: Child: Starting 64 worker threads.
[Sun May 26 04:07:03.673881 2024] [mpm_winnt:error] [pid 7584:tid 1248] (OS 10038)An operation was attempted on something that is not a socket.  : AH00332: winnt_accept: getsockname error on listening socket, is IPv6 available?
[Sun May 26 04:07:03.673881 2024] [mpm_winnt:error] [pid 7584:tid 1256] (OS 10038)An operation was attempted on something that is not a socket.  : AH00332: winnt_accept: getsockname error on listening socket, is IPv6 available?
[Sun May 26 04:07:05.699329 2024] [mpm_winnt:notice] [pid 7584:tid 440] AH00364: Child: All worker threads have exited.
[Sun May 26 04:07:05.718283 2024] [mpm_winnt:notice] [pid 15220:tid 436] AH00430: Parent: Child process 7584 exited successfully.
AH00558: httpd.exe: Could not reliably determine the server's fully qualified domain name, using fe80::38a8:c125:3272:1300. Set the 'ServerName' directive globally to suppress this message
[Sun May 26 04:08:52.154495 2024] [mpm_winnt:notice] [pid 11024:tid 436] AH00455: Apache/2.4.59 (Win64) configured -- resuming normal operations
[Sun May 26 04:08:52.154495 2024] [mpm_winnt:notice] [pid 11024:tid 436] AH00456: Apache Lounge VS17 Server built: Apr  4 2024 15:03:17
[Sun May 26 04:08:52.154495 2024] [core:notice] [pid 11024:tid 436] AH00094: Command line: 'C:\\status_panel\\Apache24\\bin\\httpd.exe -d C:/status_panel/Apache24'
[Sun May 26 04:08:52.156488 2024] [mpm_winnt:notice] [pid 11024:tid 436] AH00418: Parent: Created child process 4648
AH00558: httpd.exe: Could not reliably determine the server's fully qualified domain name, using fe80::38a8:c125:3272:1300. Set the 'ServerName' directive globally to suppress this message
Apache server shutdown initiated...
ly determine the server's fully qualified domain name, using fe80::38a8:c125:3272:1300. Set the 'ServerName' directive globally to suppress this message
[Sun May 26 04:08:54.139897 2024] [mpm_winnt:notice] [pid 4648:tid 440] AH00354: Child: Starting 64 worker threads.
[Sun May 26 04:08:54.731278 2024] [mpm_winnt:notice] [pid 11024:tid 436] AH00422: Parent: Received shutdown signal -- Shutting down the server.
[Sun May 26 04:08:56.742601 2024] [mpm_winnt:notice] [pid 4648:tid 440] AH00364: Child: All worker threads have exited.
[Sun May 26 04:08:56.760486 2024] [mpm_winnt:notice] [pid 11024:tid 436] AH00430: Parent: Child process 4648 exited successfully.
AH00558: httpd.exe: Could not reliably determine the server's fully qualified domain name, using fe80::38a8:c125:3272:1300. Set the 'ServerName' directive globally to suppress this message
[Sun May 26 17:49:53.577297 2024] [mpm_winnt:notice] [pid 6040:tid 444] AH00455: Apache/2.4.59 (Win64) configured -- resuming normal operations
[Sun May 26 17:49:53.577297 2024] [mpm_winnt:notice] [pid 6040:tid 444] AH00456: Apache Lounge VS17 Server built: Apr  4 2024 15:03:17
[Sun May 26 17:49:53.577297 2024] [core:notice] [pid 6040:tid 444] AH00094: Command line: 'C:\\status_panel\\Apache24\\bin\\httpd.exe -d C:/status_panel/Apache24'
[Sun May 26 17:49:53.580288 2024] [mpm_winnt:notice] [pid 6040:tid 444] AH00418: Parent: Created child process 12460
AH00558: httpd.exe: Could not reliably determine the server's fully qualified domain name, using fe80::38a8:c125:3272:1300. Set the 'ServerName' directive globally to suppress this message
Apache server shutdown initiated...
ly determine the server's fully qualified domain name, using fe80::38a8:c125:3272:1300. Set the 'ServerName' directive globally to suppress this message
[Sun May 26 17:49:55.440000 2024] [mpm_winnt:notice] [pid 12460:tid 440] AH00354: Child: Starting 64 worker threads.
[Sun May 26 18:26:02.941490 2024] [mpm_winnt:notice] [pid 6040:tid 444] AH00422: Parent: Received shutdown signal -- Shutting down the server.
[Sun May 26 18:26:04.953494 2024] [mpm_winnt:notice] [pid 12460:tid 440] AH00364: Child: All worker threads have exited.
[Sun May 26 18:26:04.972170 2024] [mpm_winnt:notice] [pid 6040:tid 444] AH00430: Parent: Child process 12460 exited successfully.
